c:\university\graphics\grafikahazicsomag\grafikahazicsomag\programs\skeleton\skeleton\release\vc143.pdb
c:\university\graphics\grafikahazicsomag\grafikahazicsomag\programs\skeleton\skeleton\release\skeleton.obj
c:\university\graphics\grafikahazicsomag\grafikahazicsomag\programs\skeleton\skeleton\release\framework.obj
c:\university\graphics\grafikahazicsomag\grafikahazicsomag\programs\skeleton\bin\skeleton.exe
c:\university\graphics\grafikahazicsomag\grafikahazicsomag\programs\skeleton\skeleton\release\skeleton.iobj
c:\university\graphics\grafikahazicsomag\grafikahazicsomag\programs\skeleton\bin\skeleton.pdb
d:\3dprograms\grafikahazicsomag\programs\skeleton\bin\skeleton.ipdb
d:\3dprograms\grafikahazicsomag\programs\skeleton\bin\skeleton.iobj
c:\university\graphics\grafikahazicsomag\grafikahazicsomag\programs\skeleton\bin\skeleton.ipdb
c:\university\graphics\grafikahazicsomag\grafikahazicsomag\programs\skeleton\bin\skeleton.iobj
c:\university\graphics\grafikahazicsomag\grafikahazicsomag\programs\skeleton\skeleton\release\skeleton.ipdb
c:\university\graphics\grafikahazicsomag\grafikahazicsomag\programs\skeleton\skeleton\release\vc120.pdb
c:\university\graphics\grafikahazicsomag\grafikahazicsomag\programs\skeleton\skeleton\release\vc141.pdb
c:\university\graphics\grafikahazicsomag\grafikahazicsomag\programs\skeleton\skeleton\release\skeleton.tlog\cl.command.1.tlog
c:\university\graphics\grafikahazicsomag\grafikahazicsomag\programs\skeleton\skeleton\release\skeleton.tlog\cl.read.1.tlog
c:\university\graphics\grafikahazicsomag\grafikahazicsomag\programs\skeleton\skeleton\release\skeleton.tlog\cl.write.1.tlog
c:\university\graphics\grafikahazicsomag\grafikahazicsomag\programs\skeleton\skeleton\release\skeleton.tlog\link.command.1.tlog
c:\university\graphics\grafikahazicsomag\grafikahazicsomag\programs\skeleton\skeleton\release\skeleton.tlog\link.read.1.tlog
c:\university\graphics\grafikahazicsomag\grafikahazicsomag\programs\skeleton\skeleton\release\skeleton.tlog\link.write.1.tlog
c:\university\graphics\grafikahazicsomag\grafikahazicsomag\programs\skeleton\skeleton\release\skeleton.tlog\skeleton.write.1u.tlog
